8/14/2020 2:01:44 PM | Debut Mise en ligne complete (Site):
8/14/2020 2:02:06 PM | Listing terminé :
8/14/2020 2:02:06 PM | 

8/14/2020 2:02:06 PM | * Files/Other-- -- --Folder create
8/14/2020 2:02:06 PM | * Files/Other/locales-- -- --Folder create
8/14/2020 2:02:06 PM | * Files/Other/locales-- -- --Folder create
8/14/2020 2:02:06 PM | * WEFiles-- -- --Folder create
8/14/2020 2:02:06 PM | * WEFiles/Xml-- -- --Folder create
8/14/2020 2:02:06 PM | * WEFiles/Server-- -- --Folder create
8/14/2020 2:02:06 PM | * WEFiles/Server/language-- -- --Folder create
8/14/2020 2:02:06 PM | * WEFiles/Server/DB-- -- --Folder create
8/14/2020 2:02:06 PM | * WEFiles/Server/DB/DBTools-- -- --Folder create
8/14/2020 2:02:06 PM | * WEFiles/Server/class-- -- --Folder create
8/14/2020 2:02:06 PM | * WEFiles/Other-- -- --Folder create
8/14/2020 2:02:06 PM | * WEFiles/Image-- -- --Folder create
8/14/2020 2:02:06 PM | * WEFiles/Font-- -- --Folder create
8/14/2020 2:02:06 PM | * WEFiles/EG-- -- --Folder create
8/14/2020 2:02:06 PM | * WEFiles/Css-- -- --Folder create
8/14/2020 2:02:06 PM | * WEFiles/Css/v02-- -- --Folder create
8/14/2020 2:02:06 PM | * WEFiles/Css/v01-- -- --Folder create
8/14/2020 2:02:06 PM | * WEFiles/Client-- -- --Folder create
8/14/2020 2:02:06 PM | * WEFiles/Client/jQuery-- -- --Folder create
8/14/2020 2:02:06 PM | * WEFiles/Client/jQuery/Plugins-- -- --Folder create
8/14/2020 2:02:06 PM | * WEFiles/Client/Common-- -- --Folder create
8/14/2020 2:02:06 PM | * Templates-- -- --Folder create
8/14/2020 2:02:06 PM | * Files-- -- --Folder create
8/14/2020 2:02:06 PM | * Files/Video-- -- --Folder create
8/14/2020 2:02:06 PM | * Files/Other-- -- --Folder create
8/14/2020 2:02:06 PM | * Files/Media-- -- --Folder create
8/14/2020 2:02:06 PM | * Files/Image-- -- --Folder create
8/14/2020 2:02:06 PM | * Files/Fonts-- -- --Folder create
8/14/2020 2:02:06 PM | * Files/Flash-- -- --Folder create
8/14/2020 2:02:06 PM | * Files/Audio-- -- --Folder create
8/14/2020 2:02:06 PM | * Data-- -- --Folder create
8/14/2020 2:02:06 PM | * Backup-- -- --Folder create
8/14/2020 2:02:06 PM | * Common-- -- --Folder create
8/14/2020 2:02:06 PM | * WEFiles/Image/WEImage-- -- --Folder create
8/14/2020 2:02:06 PM | * WEFiles/Image/Skin-- -- --Folder create
8/14/2020 2:02:06 PM | * Files\Other-- -- --Folder create
8/14/2020 2:02:06 PM | * Files\Fonts-- -- --Folder create
8/14/2020 2:02:06 PM | * Backup/.htaccess-- -- --33
8/14/2020 2:02:06 PM | * Data/.htaccess-- -- --13
8/14/2020 2:02:06 PM | * WEFiles/Client/Common/oe.min.js-- -- --16317
8/14/2020 2:02:06 PM | * WEFiles/Client/jQuery/Plugins/jquery.form.js-- -- --11659
8/14/2020 2:02:06 PM | * WEFiles/Client/jQuery/Plugins/jquery.ui.core.js-- -- --19590
8/14/2020 2:02:06 PM | * WEFiles/Client/jQuery/Plugins/jquery.ui.effects.js-- -- --25199
8/14/2020 2:02:06 PM | * WEFiles/Client/jQuery/1.10.2.js-- -- --93107
8/14/2020 2:02:06 PM | * WEFiles/Client/jQuery/migrate.js-- -- --7202
8/14/2020 2:02:06 PM | * WEFiles/Client/OEDB.js-- -- --1856
8/14/2020 2:02:06 PM | * WEFiles/Client/OEDBClasses.js-- -- --2280
8/14/2020 2:02:06 PM | * WEFiles/Client/opentip-jquery.min.js-- -- --44974
8/14/2020 2:02:06 PM | * WEFiles/Css/v01/openElement.css-- -- --5851
8/14/2020 2:02:06 PM | * WEFiles/Css/v02/openElement.css-- -- --6102
8/14/2020 2:02:06 PM | * WEFiles/Css/v02/openElement.int.css-- -- --6177
8/14/2020 2:02:06 PM | * WEFiles/Css/ie7.css-- -- --833
8/14/2020 2:02:06 PM | * WEFiles/Css/opentip.css-- -- --9211
8/14/2020 2:02:06 PM | * WEFiles/Image/Code.png-- -- --831
8/14/2020 2:02:06 PM | * WEFiles/Image/delete.png-- -- --1465
8/14/2020 2:02:06 PM | * WEFiles/Image/empty.png-- -- --184
8/14/2020 2:02:06 PM | * WEFiles/Image/information2.png-- -- --3246
8/14/2020 2:02:06 PM | * WEFiles/Image/loading.gif-- -- --1924
8/14/2020 2:02:06 PM | * WEFiles/Image/Loading2.gif-- -- --4941
8/14/2020 2:02:06 PM | * WEFiles/Image/mask.png-- -- --213
8/14/2020 2:02:06 PM | * WEFiles/Image/ModalBackgound.png-- -- --27145
8/14/2020 2:02:06 PM | * WEFiles/Image/ModalPopupBlock.png-- -- --268
8/14/2020 2:02:06 PM | * WEFiles/Image/ServerError.png-- -- --2602
8/14/2020 2:02:06 PM | * WEFiles/Image/warning.png-- -- --816
8/14/2020 2:02:06 PM | * WEFiles/Image/WEW3C.png-- -- --1882
8/14/2020 2:02:06 PM | * WEFiles/Server/class/class-phpmailer.php-- -- --65668
8/14/2020 2:02:06 PM | * WEFiles/Server/class/class-smtp.php-- -- --32456
8/14/2020 2:02:06 PM | * WEFiles/Server/DB/DBTools/OEDataContainers.php-- -- --57685
8/14/2020 2:02:06 PM | * WEFiles/Server/DB/DBTools/OEDBRequest.php-- -- --36412
8/14/2020 2:02:06 PM | * WEFiles/Server/DB/DBTools/OEDynUtils.php-- -- --15107
8/14/2020 2:02:06 PM | * WEFiles/Server/DB/.htaccess-- -- --13
8/14/2020 2:02:06 PM | * WEFiles/Server/DB/OEDB.php-- -- --28741
8/14/2020 2:02:06 PM | * WEFiles/Server/DB/OEDBClasses.php-- -- --84483
8/14/2020 2:02:06 PM | * WEFiles/Server/DB/sqllogin.php-- -- --1479
8/14/2020 2:02:06 PM | * WEFiles/Server/language/phpmailer.lang-en.php-- -- --1188
8/14/2020 2:02:06 PM | * WEFiles/Server/language/phpmailer.lang-fr.php-- -- --1297
8/14/2020 2:02:06 PM | * WEFiles/Server/openElement.php-- -- --13870
8/14/2020 2:02:06 PM | * WEFiles/Server/VarText.php-- -- --4496
8/14/2020 2:02:06 PM | * Files/Other/locales/es-es-min.js-- -- --447
8/14/2020 2:02:06 PM | * Files/Other/locales/es-min.js-- -- --442
8/14/2020 2:02:06 PM | * Files/Other/Chart-min.css-- -- --521
8/14/2020 2:02:06 PM | * Files/Other/Chart-min.js-- -- --172812
8/14/2020 2:02:06 PM | * Files/Other/highlight-min.js-- -- --46003
8/14/2020 2:02:06 PM | * Files/Other/katex-min.css-- -- --21339
8/14/2020 2:02:06 PM | * Files/Other/katex-min.js-- -- --126576
8/14/2020 2:02:06 PM | * Files/Other/locales-min.js-- -- --8293
8/14/2020 2:02:06 PM | * Files/Other/monokai-sublime-min.css-- -- --781
8/14/2020 2:02:06 PM | * Files/Other/numeral-min.js-- -- --11451
8/14/2020 2:02:06 PM | * Files/Other/quill-core.css-- -- --9020
8/14/2020 2:02:06 PM | * Files/Other/quill-min.js-- -- --215348
8/14/2020 2:02:06 PM | * Files/Other/quill-snow.css-- -- --24743
8/14/2020 2:02:06 PM | * Files/Other/utils.js-- -- --3318
8/14/2020 2:02:06 PM | * .htaccess-- -- --0
8/14/2020 2:02:06 PM | * Administrador(var).php-- -- --1745
8/14/2020 2:02:06 PM | * Administrador.css-- -- --48049
8/14/2020 2:02:06 PM | * Files/Image/logo.png-- -- --18517
8/14/2020 2:02:06 PM | * WEFiles/Image/WEImage/logo-WE19cd5b5fbc.png-- -- --7884
8/14/2020 2:02:06 PM | * Files/Image/icon_chess.png-- -- --1245
8/14/2020 2:02:06 PM | * WEFiles/Image/WEImage/icon_chess-WEab3d9c60b6.png-- -- --488
8/14/2020 2:02:06 PM | * Files/Image/icon_grupos.png-- -- --1329
8/14/2020 2:02:06 PM | * WEFiles/Image/WEImage/icon_grupos-WE13ace5284f.png-- -- --657
8/14/2020 2:02:06 PM | * Files/Image/icon_db.png-- -- --973
8/14/2020 2:02:06 PM | * WEFiles/Image/WEImage/icon_db-WEb6929871fe.png-- -- --454
8/14/2020 2:02:06 PM | * Files/Image/icon_excel.png-- -- --842
8/14/2020 2:02:06 PM | * WEFiles/Image/WEImage/icon_excel-WE8296a40925.png-- -- --538
8/14/2020 2:02:06 PM | * Files/Image/icon_on.png-- -- --966
8/14/2020 2:02:06 PM | * WEFiles/Image/WEImage/icon_on-WE123c1f5899.png-- -- --599
8/14/2020 2:02:06 PM | * Files/Image/delete_big.png-- -- --552
8/14/2020 2:02:06 PM | * WEFiles/Image/WEImage/delete_big-WEc233f5d892.png-- -- --459
8/14/2020 2:02:06 PM | * Files/Image/icon_off.png-- -- --1011
8/14/2020 2:02:06 PM | * WEFiles/Image/WEImage/icon_off-WEc9446d2cb9.png-- -- --639
8/14/2020 2:02:06 PM | * WEFiles/Image/WEImage/delete_big-WEfce8160f10.png-- -- --459
8/14/2020 2:02:06 PM | * WEFiles/Image/WEImage/icon_off-WE2f2606b187.png-- -- --639
8/14/2020 2:02:06 PM | * WEFiles/Image/WEImage/delete_big-WE198c28f5b2.png-- -- --459
8/14/2020 2:02:06 PM | * WEFiles/Image/WEImage/icon_off-WEd8f777bc18.png-- -- --639
8/14/2020 2:02:06 PM | * WEFiles/Image/WEImage/delete_big-WE58afcb3627.png-- -- --459
8/14/2020 2:02:06 PM | * WEFiles/Image/WEImage/icon_on-WE5cd2b5baed.png-- -- --599
8/14/2020 2:02:06 PM | * WEFiles/Image/WEImage/icon_off-WE78a8524a2f.png-- -- --639
8/14/2020 2:02:06 PM | * Files/Image/default_user.png-- -- --10063
8/14/2020 2:02:06 PM | * WEFiles/Image/WEImage/default_user-WE5c6dcd07de.png-- -- --1094
8/14/2020 2:02:06 PM | * Files/Image/icon_delete.png-- -- --4818
8/14/2020 2:02:06 PM | * WEFiles/Image/WEImage/icon_delete-WE4c9350319d.png-- -- --571
8/14/2020 2:02:06 PM | * Files/Image/icon_add.png-- -- --3446
8/14/2020 2:02:06 PM | * WEFiles/Image/WEImage/icon_add-WEcf8d922c3d.png-- -- --467
8/14/2020 2:02:06 PM | * WEFiles/Image/Skin/26c70838.png-- -- --191
8/14/2020 2:02:06 PM | * WEFiles/Image/Skin/58294202.png-- -- --826
8/14/2020 2:02:06 PM | * Files/Image/view_card.png-- -- --582
8/14/2020 2:02:06 PM | * WEFiles/Image/WEImage/view_card-WE3871e97495.png-- -- --435
8/14/2020 2:02:06 PM | * WEFiles/Image/Skin/2b8cf417.png-- -- --191
8/14/2020 2:02:06 PM | * WEFiles/Image/Skin/85224292.png-- -- --826
8/14/2020 2:02:06 PM | * Files/Image/icon_design.png-- -- --794
8/14/2020 2:02:06 PM | * WEFiles/Image/WEImage/icon_design-WE48856ae5ea.png-- -- --510
8/14/2020 2:02:06 PM | * WEFiles/Image/Skin/c01bce0b.png-- -- --191
8/14/2020 2:02:06 PM | * WEFiles/Image/Skin/3b9d0c7d.png-- -- --826
8/14/2020 2:02:06 PM | * WEFiles/Image/WEImage/icon_db-WEdb410ebd1d.png-- -- --581
8/14/2020 2:02:06 PM | * WEFiles/Image/WEImage/icon_chess-WE1891cf0f7c.png-- -- --1217
8/14/2020 2:02:06 PM | * Files/Image/icon_cards.png-- -- --948
8/14/2020 2:02:06 PM | * WEFiles/Image/WEImage/icon_design-WEe631ac5a73.png-- -- --543
8/14/2020 2:02:06 PM | * Files/Image/icon_down.png-- -- --743
8/14/2020 2:02:06 PM | * WEFiles/Image/WEImage/icon_down-WE91987d108b.png-- -- --442
8/14/2020 2:02:06 PM | * WEFiles/Image/Skin/4aee5dd2.png-- -- --191
8/14/2020 2:02:06 PM | * WEFiles/Image/Skin/f05956f4.png-- -- --826
8/14/2020 2:02:06 PM | * WEFiles/Image/WEImage/icon_cards-WEfa9c5e15b7.png-- -- --757
8/14/2020 2:02:06 PM | * WEFiles/Image/WEImage/icon_chess-WE699ecc8d01.png-- -- --395
8/14/2020 2:02:06 PM | * Files/Image/icon_chrono.png-- -- --1164
8/14/2020 2:02:06 PM | * WEFiles/Image/WEImage/icon_chrono-WE45e6d76403.png-- -- --437
8/14/2020 2:02:06 PM | * WEFiles/Image/WEImage/icon_chrono-WE716559bf2a.png-- -- --560
8/14/2020 2:02:06 PM | * Files/Image/icon_jug.png-- -- --828
8/14/2020 2:02:06 PM | * WEFiles/Image/WEImage/icon_jug-WEb6b1ae892d.png-- -- --352
8/14/2020 2:02:06 PM | * WEFiles/Image/WEImage/icon_cards-WE08348aee60.png-- -- --406
8/14/2020 2:02:06 PM | * WEFiles/Image/WEImage/icon_grupos-WE937056991c.png-- -- --433
8/14/2020 2:02:06 PM | * Files/Image/icon_run.png-- -- --1073
8/14/2020 2:02:06 PM | * WEFiles/Image/WEImage/icon_run-WE307abc8b0b.png-- -- --427
8/14/2020 2:02:06 PM | * Administrador.php-- -- --129099
8/14/2020 2:02:06 PM | * Canvas.css-- -- --29798
8/14/2020 2:02:06 PM | * Files/Image/canvas_bg_1.png-- -- --6223
8/14/2020 2:02:06 PM | * Files/Image/g3343.png-- -- --29028
8/14/2020 2:02:06 PM | * WEFiles/Image/WEImage/g3343-WEea96b64b3a.png-- -- --1233
8/14/2020 2:02:06 PM | * Files/Image/Canvas_bg_2.png-- -- --4889
8/14/2020 2:02:06 PM | * Files/Image/g3331.png-- -- --23439
8/14/2020 2:02:06 PM | * WEFiles/Image/WEImage/g3331-WE737a6a5bc0.png-- -- --1379
8/14/2020 2:02:06 PM | * Files/Image/Canvas_BG_06.png-- -- --6793
8/14/2020 2:02:06 PM | * Files/Image/g3335.png-- -- --20995
8/14/2020 2:02:06 PM | * WEFiles/Image/WEImage/g3335-WE68bc5b031c.png-- -- --1122
8/14/2020 2:02:06 PM | * Files/Image/Canvas_BG_03.png-- -- --4729
8/14/2020 2:02:06 PM | * Files/Image/g3327.png-- -- --29745
8/14/2020 2:02:06 PM | * WEFiles/Image/WEImage/g3327-WE64c0c51ee3.png-- -- --1368
8/14/2020 2:02:06 PM | * Files/Image/canvas_bg_10.png-- -- --6675
8/14/2020 2:02:06 PM | * Files/Image/g3323.png-- -- --15484
8/14/2020 2:02:06 PM | * WEFiles/Image/WEImage/g3323-WE5b3fc60b8f.png-- -- --1175
8/14/2020 2:02:06 PM | * Files/Image/Canvas_bg_07.png-- -- --3483
8/14/2020 2:02:06 PM | * Files/Image/g3319.png-- -- --27177
8/14/2020 2:02:06 PM | * WEFiles/Image/WEImage/g3319-WEd7bc7354d0.png-- -- --1244
8/14/2020 2:02:06 PM | * Files/Image/Canvas_BG_05.png-- -- --3908
8/14/2020 2:02:06 PM | * Files/Image/g3315.png-- -- --12686
8/14/2020 2:02:06 PM | * WEFiles/Image/WEImage/g3315-WE994f84a011.png-- -- --1009
8/14/2020 2:02:06 PM | * Files/Image/Canvas_bg_08.png-- -- --7939
8/14/2020 2:02:06 PM | * Files/Image/g3339.png-- -- --25480
8/14/2020 2:02:06 PM | * WEFiles/Image/WEImage/g3339-WEc7f49bfae9.png-- -- --1194
8/14/2020 2:02:06 PM | * Files/Image/Canvas_bg_09.png-- -- --6023
8/14/2020 2:02:06 PM | * Files/Image/g3311.png-- -- --21455
8/14/2020 2:02:06 PM | * WEFiles/Image/WEImage/g3311-WE59cb64135a.png-- -- --1242
8/14/2020 2:02:06 PM | * Files/Image/ok.png-- -- --1712
8/14/2020 2:02:06 PM | * WEFiles/Image/WEImage/ok-WEf6bb48251b.png-- -- --1344
8/14/2020 2:02:06 PM | * WEFiles/Image/WEImage/icon_delete-WE2abbafa4c9.png-- -- --1490
8/14/2020 2:02:06 PM | * Files/Image/Canvas_3.png-- -- --84851
8/14/2020 2:02:06 PM | * WEFiles/Image/WEImage/Canvas_3-WE48b96decd9.png-- -- --5600
8/14/2020 2:02:06 PM | * Files/Image/Canvas_2.png-- -- --48626
8/14/2020 2:02:06 PM | * WEFiles/Image/WEImage/Canvas_2-WE7d19164fdd.png-- -- --4816
8/14/2020 2:02:06 PM | * Files/Image/Canvas_1.png-- -- --47063
8/14/2020 2:02:06 PM | * WEFiles/Image/WEImage/Canvas_1-WE4c10e085ef.png-- -- --4664
8/14/2020 2:02:06 PM | * Files/Image/Canvas_4.png-- -- --73452
8/14/2020 2:02:06 PM | * Files/Image/Canvas_float_1.png-- -- --2332
8/14/2020 2:02:06 PM | * WEFiles/Image/WEImage/Canvas_float_1-WE5a271d2e37.png-- -- --1334
8/14/2020 2:02:06 PM | * Files/Image/canvas_float_2.png-- -- --2654
8/14/2020 2:02:06 PM | * WEFiles/Image/WEImage/canvas_float_2-WEdf47c4c80a.png-- -- --1461
8/14/2020 2:02:06 PM | * Files/Image/canvas_float_3.png-- -- --2320
8/14/2020 2:02:06 PM | * WEFiles/Image/WEImage/canvas_float_3-WEe22cc1456f.png-- -- --1310
8/14/2020 2:02:06 PM | * Files/Image/canvas_float_4.png-- -- --2281
8/14/2020 2:02:06 PM | * WEFiles/Image/WEImage/canvas_float_4-WE6542bfea74.png-- -- --1245
8/14/2020 2:02:06 PM | * Files/Image/company.png-- -- --12577
8/14/2020 2:02:06 PM | * WEFiles/Image/WEImage/company-WE9f20acf474.png-- -- --2132
8/14/2020 2:02:06 PM | * Files/Image/cambas.png-- -- --12525
8/14/2020 2:02:06 PM | * WEFiles/Image/WEImage/cambas-WE3ad8c0d37a.png-- -- --2592
8/14/2020 2:02:06 PM | * Files/Image/path4634.png-- -- --8562
8/14/2020 2:02:06 PM | * WEFiles/Image/WEImage/path4634-WE9917ebf0d3.png-- -- --2052
8/14/2020 2:02:06 PM | * WEFiles/Image/WEImage/logo-WE71cb131790.png-- -- --8346
8/14/2020 2:02:06 PM | * Files/Image/UserDefault.png-- -- --23789
8/14/2020 2:02:06 PM | * WEFiles/Image/WEImage/UserDefault-WE4a65a86bf9.png-- -- --3681
8/14/2020 2:02:06 PM | * Files/Image/error.png-- -- --2555
8/14/2020 2:02:06 PM | * WEFiles/Image/WEImage/error-WEbbbe76e4b3.png-- -- --2083
8/14/2020 2:02:06 PM | * Canvas.php-- -- --105412
8/14/2020 2:02:06 PM | * cardeditor(var).php-- -- --4059
8/14/2020 2:02:06 PM | * cardeditor.css-- -- --33812
8/14/2020 2:02:06 PM | * WEFiles/Image/WEImage/icon_cards-WE47c3689b00.png-- -- --557
8/14/2020 2:02:06 PM | * cardeditor.php-- -- --91938
8/14/2020 2:02:06 PM | * conex.php-- -- --706
8/14/2020 2:02:06 PM | * Dashboard.css-- -- --48186
8/14/2020 2:02:06 PM | * Files/Image/Flecha1.png-- -- --570
8/14/2020 2:02:06 PM | * Dashboard.htm-- -- --187441
8/14/2020 2:02:06 PM | * index.css-- -- --3776
8/14/2020 2:02:06 PM | * WEFiles/Image/WEImage/ok-WE76d67b8270.png-- -- --1301
8/14/2020 2:02:06 PM | * WEFiles/Image/WEImage/error-WE9191b3224e.png-- -- --2456
8/14/2020 2:02:06 PM | * WEFiles/Image/WEImage/icon_delete-WE53591b33ab.png-- -- --1613
8/14/2020 2:02:06 PM | * WEFiles/Image/WEImage/icon_add-WE5ee2f5534b.png-- -- --1182
8/14/2020 2:02:06 PM | * index.htm-- -- --6878
8/14/2020 2:02:06 PM | * loggin(var).php-- -- --166
8/14/2020 2:02:06 PM | * loggin.css-- -- --4605
8/14/2020 2:02:06 PM | * Files/Image/roadmap_Loggin.png-- -- --458419
8/14/2020 2:02:06 PM | * WEFiles/Image/WEImage/logo-WE9517b0e2cf.png-- -- --12837
8/14/2020 2:02:06 PM | * WEFiles/Image/WEImage/default_user-WE6ba5a1362d.png-- -- --1604
8/14/2020 2:02:06 PM | * loggin.php-- -- --9398
8/14/2020 2:02:06 PM | * partida.css-- -- --7064
8/14/2020 2:02:06 PM | * Files/Image/PartidaRotat.png-- -- --307745
8/14/2020 2:02:06 PM | * partida.htm-- -- --27282
8/14/2020 2:02:06 PM | * robots.txt-- -- --19
8/14/2020 2:02:06 PM | * sitemap.xml-- -- --1232
8/14/2020 2:02:06 PM | * Files/Other/locales/es-es-min.js-- -- --447
8/14/2020 2:02:06 PM | * Files/Other/locales/es-min.js-- -- --442
8/14/2020 2:02:06 PM | * Files/Other/Chart-min.css-- -- --521
8/14/2020 2:02:06 PM | * Files/Other/Chart-min.js-- -- --172812
8/14/2020 2:02:06 PM | * Files/Other/highlight-min.js-- -- --46003
8/14/2020 2:02:06 PM | * Files/Other/katex-min.css-- -- --21339
8/14/2020 2:02:06 PM | * Files/Other/katex-min.js-- -- --126576
8/14/2020 2:02:06 PM | * Files/Other/locales-min.js-- -- --8293
8/14/2020 2:02:06 PM | * Files/Other/monokai-sublime-min.css-- -- --781
8/14/2020 2:02:06 PM | * Files/Other/numeral-min.js-- -- --11451
8/14/2020 2:02:06 PM | * Files/Other/quill-core.css-- -- --9020
8/14/2020 2:02:06 PM | * Files/Other/quill-min.js-- -- --215348
8/14/2020 2:02:06 PM | * Files/Other/quill-snow.css-- -- --24743
8/14/2020 2:02:06 PM | * Files/Other/quill.min.js.map-- -- --1019070
8/14/2020 2:02:06 PM | * Files/Other/utils.js-- -- --3318
8/14/2020 2:02:06 PM | * Templates/Base.css-- -- --7901
8/14/2020 2:02:06 PM | * Templates/Company Dashboard.css-- -- --449
8/14/2020 2:02:08 PM | 
8/14/2020 2:02:08 PM | 
--------------------------------Phase 1 Terminé--------------------------------
8/14/2020 2:02:08 PM | 

8/14/2020 2:02:30 PM | Debut Mise en ligne complete (Site):
8/14/2020 2:02:42 PM | Listing terminé :
8/14/2020 2:02:42 PM | 

8/14/2020 2:02:42 PM | * Files/Other-- -- --Folder create
8/14/2020 2:02:42 PM | * Files/Other/locales-- -- --Folder create
8/14/2020 2:02:42 PM | * Files/Other/locales-- -- --Folder create
8/14/2020 2:02:42 PM | * WEFiles-- -- --Folder create
8/14/2020 2:02:42 PM | * WEFiles/Xml-- -- --Folder create
8/14/2020 2:02:42 PM | * WEFiles/Server-- -- --Folder create
8/14/2020 2:02:42 PM | * WEFiles/Server/language-- -- --Folder create
8/14/2020 2:02:42 PM | * WEFiles/Server/DB-- -- --Folder create
8/14/2020 2:02:42 PM | * WEFiles/Server/DB/DBTools-- -- --Folder create
8/14/2020 2:02:42 PM | * WEFiles/Server/class-- -- --Folder create
8/14/2020 2:02:42 PM | * WEFiles/Other-- -- --Folder create
8/14/2020 2:02:42 PM | * WEFiles/Image-- -- --Folder create
8/14/2020 2:02:42 PM | * WEFiles/Font-- -- --Folder create
8/14/2020 2:02:42 PM | * WEFiles/EG-- -- --Folder create
8/14/2020 2:02:42 PM | * WEFiles/Css-- -- --Folder create
8/14/2020 2:02:42 PM | * WEFiles/Css/v02-- -- --Folder create
8/14/2020 2:02:42 PM | * WEFiles/Css/v01-- -- --Folder create
8/14/2020 2:02:42 PM | * WEFiles/Client-- -- --Folder create
8/14/2020 2:02:42 PM | * WEFiles/Client/jQuery-- -- --Folder create
8/14/2020 2:02:42 PM | * WEFiles/Client/jQuery/Plugins-- -- --Folder create
8/14/2020 2:02:42 PM | * WEFiles/Client/Common-- -- --Folder create
8/14/2020 2:02:42 PM | * Templates-- -- --Folder create
8/14/2020 2:02:42 PM | * Files-- -- --Folder create
8/14/2020 2:02:42 PM | * Files/Video-- -- --Folder create
8/14/2020 2:02:42 PM | * Files/Other-- -- --Folder create
8/14/2020 2:02:42 PM | * Files/Media-- -- --Folder create
8/14/2020 2:02:42 PM | * Files/Image-- -- --Folder create
8/14/2020 2:02:42 PM | * Files/Fonts-- -- --Folder create
8/14/2020 2:02:42 PM | * Files/Flash-- -- --Folder create
8/14/2020 2:02:42 PM | * Files/Audio-- -- --Folder create
8/14/2020 2:02:42 PM | * Data-- -- --Folder create
8/14/2020 2:02:42 PM | * Backup-- -- --Folder create
8/14/2020 2:02:42 PM | * Common-- -- --Folder create
8/14/2020 2:02:42 PM | * WEFiles/Image/WEImage-- -- --Folder create
8/14/2020 2:02:42 PM | * WEFiles/Image/Skin-- -- --Folder create
8/14/2020 2:02:42 PM | * Files\Other-- -- --Folder create
8/14/2020 2:02:42 PM | * Files\Fonts-- -- --Folder create
8/14/2020 2:02:42 PM | * Backup/.htaccess-- -- --33
8/14/2020 2:02:42 PM | * Data/.htaccess-- -- --13
8/14/2020 2:02:42 PM | * WEFiles/Client/Common/oe.min.js-- -- --16317
8/14/2020 2:02:42 PM | * WEFiles/Client/jQuery/Plugins/jquery.form.js-- -- --11659
8/14/2020 2:02:42 PM | * WEFiles/Client/jQuery/Plugins/jquery.ui.core.js-- -- --19590
8/14/2020 2:02:42 PM | * WEFiles/Client/jQuery/Plugins/jquery.ui.effects.js-- -- --25199
8/14/2020 2:02:42 PM | * WEFiles/Client/jQuery/1.10.2.js-- -- --93107
8/14/2020 2:02:42 PM | * WEFiles/Client/jQuery/migrate.js-- -- --7202
8/14/2020 2:02:42 PM | * WEFiles/Client/OEDB.js-- -- --1856
8/14/2020 2:02:42 PM | * WEFiles/Client/OEDBClasses.js-- -- --2280
8/14/2020 2:02:42 PM | * WEFiles/Client/opentip-jquery.min.js-- -- --44974
8/14/2020 2:02:42 PM | * WEFiles/Css/v01/openElement.css-- -- --5851
8/14/2020 2:02:42 PM | * WEFiles/Css/v02/openElement.css-- -- --6102
8/14/2020 2:02:42 PM | * WEFiles/Css/v02/openElement.int.css-- -- --6177
8/14/2020 2:02:42 PM | * WEFiles/Css/ie7.css-- -- --833
8/14/2020 2:02:42 PM | * WEFiles/Css/opentip.css-- -- --9211
8/14/2020 2:02:42 PM | * WEFiles/Image/Code.png-- -- --831
8/14/2020 2:02:42 PM | * WEFiles/Image/delete.png-- -- --1465
8/14/2020 2:02:42 PM | * WEFiles/Image/empty.png-- -- --184
8/14/2020 2:02:42 PM | * WEFiles/Image/information2.png-- -- --3246
8/14/2020 2:02:42 PM | * WEFiles/Image/loading.gif-- -- --1924
8/14/2020 2:02:42 PM | * WEFiles/Image/Loading2.gif-- -- --4941
8/14/2020 2:02:42 PM | * WEFiles/Image/mask.png-- -- --213
8/14/2020 2:02:42 PM | * WEFiles/Image/ModalBackgound.png-- -- --27145
8/14/2020 2:02:42 PM | * WEFiles/Image/ModalPopupBlock.png-- -- --268
8/14/2020 2:02:42 PM | * WEFiles/Image/ServerError.png-- -- --2602
8/14/2020 2:02:42 PM | * WEFiles/Image/warning.png-- -- --816
8/14/2020 2:02:42 PM | * WEFiles/Image/WEW3C.png-- -- --1882
8/14/2020 2:02:42 PM | * WEFiles/Server/class/class-phpmailer.php-- -- --65668
8/14/2020 2:02:42 PM | * WEFiles/Server/class/class-smtp.php-- -- --32456
8/14/2020 2:02:42 PM | * WEFiles/Server/DB/DBTools/OEDataContainers.php-- -- --57685
8/14/2020 2:02:42 PM | * WEFiles/Server/DB/DBTools/OEDBRequest.php-- -- --36412
8/14/2020 2:02:42 PM | * WEFiles/Server/DB/DBTools/OEDynUtils.php-- -- --15107
8/14/2020 2:02:42 PM | * WEFiles/Server/DB/.htaccess-- -- --13
8/14/2020 2:02:42 PM | * WEFiles/Server/DB/OEDB.php-- -- --28741
8/14/2020 2:02:42 PM | * WEFiles/Server/DB/OEDBClasses.php-- -- --84483
8/14/2020 2:02:42 PM | * WEFiles/Server/DB/sqllogin.php-- -- --1479
8/14/2020 2:02:42 PM | * WEFiles/Server/language/phpmailer.lang-en.php-- -- --1188
8/14/2020 2:02:42 PM | * WEFiles/Server/language/phpmailer.lang-fr.php-- -- --1297
8/14/2020 2:02:42 PM | * WEFiles/Server/openElement.php-- -- --13870
8/14/2020 2:02:42 PM | * WEFiles/Server/VarText.php-- -- --4496
8/14/2020 2:02:42 PM | * .htaccess-- -- --0
8/14/2020 2:02:42 PM | * Administrador(var).php-- -- --1745
8/14/2020 2:02:42 PM | * Administrador.css-- -- --48049
8/14/2020 2:02:42 PM | * Files/Image/logo.png-- -- --18517
8/14/2020 2:02:42 PM | * WEFiles/Image/WEImage/logo-WE19cd5b5fbc.png-- -- --7884
8/14/2020 2:02:42 PM | * Files/Image/icon_chess.png-- -- --1245
8/14/2020 2:02:42 PM | * WEFiles/Image/WEImage/icon_chess-WEab3d9c60b6.png-- -- --488
8/14/2020 2:02:42 PM | * Files/Image/icon_grupos.png-- -- --1329
8/14/2020 2:02:42 PM | * WEFiles/Image/WEImage/icon_grupos-WE13ace5284f.png-- -- --657
8/14/2020 2:02:42 PM | * Files/Image/icon_db.png-- -- --973
8/14/2020 2:02:42 PM | * WEFiles/Image/WEImage/icon_db-WEb6929871fe.png-- -- --454
8/14/2020 2:02:42 PM | * Files/Image/icon_excel.png-- -- --842
8/14/2020 2:02:42 PM | * WEFiles/Image/WEImage/icon_excel-WE8296a40925.png-- -- --538
8/14/2020 2:02:42 PM | * Files/Image/icon_on.png-- -- --966
8/14/2020 2:02:42 PM | * WEFiles/Image/WEImage/icon_on-WE123c1f5899.png-- -- --599
8/14/2020 2:02:42 PM | * Files/Image/delete_big.png-- -- --552
8/14/2020 2:02:42 PM | * WEFiles/Image/WEImage/delete_big-WEc233f5d892.png-- -- --459
8/14/2020 2:02:42 PM | * Files/Image/icon_off.png-- -- --1011
8/14/2020 2:02:42 PM | * WEFiles/Image/WEImage/icon_off-WEc9446d2cb9.png-- -- --639
8/14/2020 2:02:42 PM | * WEFiles/Image/WEImage/delete_big-WEfce8160f10.png-- -- --459
8/14/2020 2:02:42 PM | * WEFiles/Image/WEImage/icon_off-WE2f2606b187.png-- -- --639
8/14/2020 2:02:42 PM | * WEFiles/Image/WEImage/delete_big-WE198c28f5b2.png-- -- --459
8/14/2020 2:02:42 PM | * WEFiles/Image/WEImage/icon_off-WEd8f777bc18.png-- -- --639
8/14/2020 2:02:42 PM | * WEFiles/Image/WEImage/delete_big-WE58afcb3627.png-- -- --459
8/14/2020 2:02:42 PM | * WEFiles/Image/WEImage/icon_on-WE5cd2b5baed.png-- -- --599
8/14/2020 2:02:42 PM | * WEFiles/Image/WEImage/icon_off-WE78a8524a2f.png-- -- --639
8/14/2020 2:02:42 PM | * Files/Image/default_user.png-- -- --10063
8/14/2020 2:02:42 PM | * WEFiles/Image/WEImage/default_user-WE5c6dcd07de.png-- -- --1094
8/14/2020 2:02:42 PM | * Files/Image/icon_delete.png-- -- --4818
8/14/2020 2:02:42 PM | * WEFiles/Image/WEImage/icon_delete-WE4c9350319d.png-- -- --571
8/14/2020 2:02:42 PM | * Files/Image/icon_add.png-- -- --3446
8/14/2020 2:02:42 PM | * WEFiles/Image/WEImage/icon_add-WEcf8d922c3d.png-- -- --467
8/14/2020 2:02:42 PM | * WEFiles/Image/Skin/26c70838.png-- -- --191
8/14/2020 2:02:42 PM | * WEFiles/Image/Skin/58294202.png-- -- --826
8/14/2020 2:02:42 PM | * Files/Image/view_card.png-- -- --582
8/14/2020 2:02:42 PM | * WEFiles/Image/WEImage/view_card-WE3871e97495.png-- -- --435
8/14/2020 2:02:42 PM | * WEFiles/Image/Skin/2b8cf417.png-- -- --191
8/14/2020 2:02:42 PM | * WEFiles/Image/Skin/85224292.png-- -- --826
8/14/2020 2:02:42 PM | * Files/Image/icon_design.png-- -- --794
8/14/2020 2:02:42 PM | * WEFiles/Image/WEImage/icon_design-WE48856ae5ea.png-- -- --510
8/14/2020 2:02:42 PM | * WEFiles/Image/Skin/c01bce0b.png-- -- --191
8/14/2020 2:02:42 PM | * WEFiles/Image/Skin/3b9d0c7d.png-- -- --826
8/14/2020 2:02:42 PM | * WEFiles/Image/WEImage/icon_db-WEdb410ebd1d.png-- -- --581
8/14/2020 2:02:42 PM | * WEFiles/Image/WEImage/icon_chess-WE1891cf0f7c.png-- -- --1217
8/14/2020 2:02:42 PM | * Files/Image/icon_cards.png-- -- --948
8/14/2020 2:02:42 PM | * WEFiles/Image/WEImage/icon_design-WEe631ac5a73.png-- -- --543
8/14/2020 2:02:42 PM | * Files/Image/icon_down.png-- -- --743
8/14/2020 2:02:42 PM | * WEFiles/Image/WEImage/icon_down-WE91987d108b.png-- -- --442
8/14/2020 2:02:42 PM | * WEFiles/Image/Skin/4aee5dd2.png-- -- --191
8/14/2020 2:02:42 PM | * WEFiles/Image/Skin/f05956f4.png-- -- --826
8/14/2020 2:02:42 PM | * WEFiles/Image/WEImage/icon_cards-WEfa9c5e15b7.png-- -- --757
8/14/2020 2:02:42 PM | * WEFiles/Image/WEImage/icon_chess-WE699ecc8d01.png-- -- --395
8/14/2020 2:02:42 PM | * Files/Image/icon_chrono.png-- -- --1164
8/14/2020 2:02:42 PM | * WEFiles/Image/WEImage/icon_chrono-WE45e6d76403.png-- -- --437
8/14/2020 2:02:42 PM | * WEFiles/Image/WEImage/icon_chrono-WE716559bf2a.png-- -- --560
8/14/2020 2:02:42 PM | * Files/Image/icon_jug.png-- -- --828
8/14/2020 2:02:42 PM | * WEFiles/Image/WEImage/icon_jug-WEb6b1ae892d.png-- -- --352
8/14/2020 2:02:42 PM | * WEFiles/Image/WEImage/icon_cards-WE08348aee60.png-- -- --406
8/14/2020 2:02:42 PM | * WEFiles/Image/WEImage/icon_grupos-WE937056991c.png-- -- --433
8/14/2020 2:02:42 PM | * Files/Image/icon_run.png-- -- --1073
8/14/2020 2:02:42 PM | * WEFiles/Image/WEImage/icon_run-WE307abc8b0b.png-- -- --427
8/14/2020 2:02:42 PM | * Administrador.php-- -- --129099
8/14/2020 2:02:42 PM | * Canvas.css-- -- --29798
8/14/2020 2:02:42 PM | * Files/Image/canvas_bg_1.png-- -- --6223
8/14/2020 2:02:42 PM | * Files/Image/g3343.png-- -- --29028
8/14/2020 2:02:42 PM | * WEFiles/Image/WEImage/g3343-WEea96b64b3a.png-- -- --1233
8/14/2020 2:02:42 PM | * Files/Image/Canvas_bg_2.png-- -- --4889
8/14/2020 2:02:42 PM | * Files/Image/g3331.png-- -- --23439
8/14/2020 2:02:42 PM | * WEFiles/Image/WEImage/g3331-WE737a6a5bc0.png-- -- --1379
8/14/2020 2:02:42 PM | * Files/Image/Canvas_BG_06.png-- -- --6793
8/14/2020 2:02:42 PM | * Files/Image/g3335.png-- -- --20995
8/14/2020 2:02:42 PM | * WEFiles/Image/WEImage/g3335-WE68bc5b031c.png-- -- --1122
8/14/2020 2:02:42 PM | * Files/Image/Canvas_BG_03.png-- -- --4729
8/14/2020 2:02:42 PM | * Files/Image/g3327.png-- -- --29745
8/14/2020 2:02:42 PM | * WEFiles/Image/WEImage/g3327-WE64c0c51ee3.png-- -- --1368
8/14/2020 2:02:42 PM | * Files/Image/canvas_bg_10.png-- -- --6675
8/14/2020 2:02:42 PM | * Files/Image/g3323.png-- -- --15484
8/14/2020 2:02:42 PM | * WEFiles/Image/WEImage/g3323-WE5b3fc60b8f.png-- -- --1175
8/14/2020 2:02:42 PM | * Files/Image/Canvas_bg_07.png-- -- --3483
8/14/2020 2:02:42 PM | * Files/Image/g3319.png-- -- --27177
8/14/2020 2:02:42 PM | * WEFiles/Image/WEImage/g3319-WEd7bc7354d0.png-- -- --1244
8/14/2020 2:02:42 PM | * Files/Image/Canvas_BG_05.png-- -- --3908
8/14/2020 2:02:42 PM | * Files/Image/g3315.png-- -- --12686
8/14/2020 2:02:42 PM | * WEFiles/Image/WEImage/g3315-WE994f84a011.png-- -- --1009
8/14/2020 2:02:42 PM | * Files/Image/Canvas_bg_08.png-- -- --7939
8/14/2020 2:02:42 PM | * Files/Image/g3339.png-- -- --25480
8/14/2020 2:02:42 PM | * WEFiles/Image/WEImage/g3339-WEc7f49bfae9.png-- -- --1194
8/14/2020 2:02:42 PM | * Files/Image/Canvas_bg_09.png-- -- --6023
8/14/2020 2:02:42 PM | * Files/Image/g3311.png-- -- --21455
8/14/2020 2:02:42 PM | * WEFiles/Image/WEImage/g3311-WE59cb64135a.png-- -- --1242
8/14/2020 2:02:42 PM | * Files/Image/ok.png-- -- --1712
8/14/2020 2:02:42 PM | * WEFiles/Image/WEImage/ok-WEf6bb48251b.png-- -- --1344
8/14/2020 2:02:42 PM | * WEFiles/Image/WEImage/icon_delete-WE2abbafa4c9.png-- -- --1490
8/14/2020 2:02:42 PM | * Files/Image/Canvas_3.png-- -- --84851
8/14/2020 2:02:42 PM | * WEFiles/Image/WEImage/Canvas_3-WE48b96decd9.png-- -- --5600
8/14/2020 2:02:42 PM | * Files/Image/Canvas_2.png-- -- --48626
8/14/2020 2:02:42 PM | * WEFiles/Image/WEImage/Canvas_2-WE7d19164fdd.png-- -- --4816
8/14/2020 2:02:42 PM | * Files/Image/Canvas_1.png-- -- --47063
8/14/2020 2:02:42 PM | * WEFiles/Image/WEImage/Canvas_1-WE4c10e085ef.png-- -- --4664
8/14/2020 2:02:42 PM | * Files/Image/Canvas_4.png-- -- --73452
8/14/2020 2:02:42 PM | * Files/Image/Canvas_float_1.png-- -- --2332
8/14/2020 2:02:42 PM | * WEFiles/Image/WEImage/Canvas_float_1-WE5a271d2e37.png-- -- --1334
8/14/2020 2:02:42 PM | * Files/Image/canvas_float_2.png-- -- --2654
8/14/2020 2:02:42 PM | * WEFiles/Image/WEImage/canvas_float_2-WEdf47c4c80a.png-- -- --1461
8/14/2020 2:02:42 PM | * Files/Image/canvas_float_3.png-- -- --2320
8/14/2020 2:02:42 PM | * WEFiles/Image/WEImage/canvas_float_3-WEe22cc1456f.png-- -- --1310
8/14/2020 2:02:42 PM | * Files/Image/canvas_float_4.png-- -- --2281
8/14/2020 2:02:42 PM | * WEFiles/Image/WEImage/canvas_float_4-WE6542bfea74.png-- -- --1245
8/14/2020 2:02:42 PM | * Files/Image/company.png-- -- --12577
8/14/2020 2:02:42 PM | * WEFiles/Image/WEImage/company-WE9f20acf474.png-- -- --2132
8/14/2020 2:02:42 PM | * Files/Image/cambas.png-- -- --12525
8/14/2020 2:02:42 PM | * WEFiles/Image/WEImage/cambas-WE3ad8c0d37a.png-- -- --2592
8/14/2020 2:02:42 PM | * Files/Image/path4634.png-- -- --8562
8/14/2020 2:02:42 PM | * WEFiles/Image/WEImage/path4634-WE9917ebf0d3.png-- -- --2052
8/14/2020 2:02:42 PM | * WEFiles/Image/WEImage/logo-WE71cb131790.png-- -- --8346
8/14/2020 2:02:42 PM | * Files/Image/UserDefault.png-- -- --23789
8/14/2020 2:02:42 PM | * WEFiles/Image/WEImage/UserDefault-WE4a65a86bf9.png-- -- --3681
8/14/2020 2:02:42 PM | * Files/Image/error.png-- -- --2555
8/14/2020 2:02:42 PM | * WEFiles/Image/WEImage/error-WEbbbe76e4b3.png-- -- --2083
8/14/2020 2:02:42 PM | * Canvas.php-- -- --105412
8/14/2020 2:02:42 PM | * cardeditor(var).php-- -- --4059
8/14/2020 2:02:42 PM | * cardeditor.css-- -- --33812
8/14/2020 2:02:42 PM | * WEFiles/Image/WEImage/icon_cards-WE47c3689b00.png-- -- --557
8/14/2020 2:02:42 PM | * cardeditor.php-- -- --91938
8/14/2020 2:02:42 PM | * conex.php-- -- --706
8/14/2020 2:02:42 PM | * Dashboard.css-- -- --48186
8/14/2020 2:02:42 PM | * Files/Image/Flecha1.png-- -- --570
8/14/2020 2:02:42 PM | * Dashboard.htm-- -- --187441
8/14/2020 2:02:42 PM | * index.css-- -- --3776
8/14/2020 2:02:42 PM | * WEFiles/Image/WEImage/ok-WE76d67b8270.png-- -- --1301
8/14/2020 2:02:42 PM | * WEFiles/Image/WEImage/error-WE9191b3224e.png-- -- --2456
8/14/2020 2:02:42 PM | * WEFiles/Image/WEImage/icon_delete-WE53591b33ab.png-- -- --1613
8/14/2020 2:02:42 PM | * WEFiles/Image/WEImage/icon_add-WE5ee2f5534b.png-- -- --1182
8/14/2020 2:02:42 PM | * index.htm-- -- --6878
8/14/2020 2:02:42 PM | * loggin(var).php-- -- --166
8/14/2020 2:02:42 PM | * loggin.css-- -- --4605
8/14/2020 2:02:42 PM | * Files/Image/roadmap_Loggin.png-- -- --458419
8/14/2020 2:02:42 PM | * WEFiles/Image/WEImage/logo-WE9517b0e2cf.png-- -- --12837
8/14/2020 2:02:42 PM | * WEFiles/Image/WEImage/default_user-WE6ba5a1362d.png-- -- --1604
8/14/2020 2:02:42 PM | * loggin.php-- -- --9398
8/14/2020 2:02:42 PM | * partida.css-- -- --7064
8/14/2020 2:02:42 PM | * Files/Image/PartidaRotat.png-- -- --307745
8/14/2020 2:02:42 PM | * partida.htm-- -- --27282
8/14/2020 2:02:42 PM | * robots.txt-- -- --19
8/14/2020 2:02:42 PM | * sitemap.xml-- -- --1232
8/14/2020 2:02:42 PM | * Files/Other/locales/es-es-min.js-- -- --447
8/14/2020 2:02:42 PM | * Files/Other/locales/es-min.js-- -- --442
8/14/2020 2:02:42 PM | * Files/Other/Chart-min.css-- -- --521
8/14/2020 2:02:42 PM | * Files/Other/Chart-min.js-- -- --172812
8/14/2020 2:02:42 PM | * Files/Other/highlight-min.js-- -- --46003
8/14/2020 2:02:42 PM | * Files/Other/katex-min.css-- -- --21339
8/14/2020 2:02:42 PM | * Files/Other/katex-min.js-- -- --126576
8/14/2020 2:02:42 PM | * Files/Other/locales-min.js-- -- --8293
8/14/2020 2:02:42 PM | * Files/Other/monokai-sublime-min.css-- -- --781
8/14/2020 2:02:42 PM | * Files/Other/numeral-min.js-- -- --11451
8/14/2020 2:02:42 PM | * Files/Other/quill-core.css-- -- --9020
8/14/2020 2:02:42 PM | * Files/Other/quill-min.js-- -- --215348
8/14/2020 2:02:42 PM | * Files/Other/quill-snow.css-- -- --24743
8/14/2020 2:02:42 PM | * Files/Other/quill.min.js.map-- -- --1019070
8/14/2020 2:02:42 PM | * Files/Other/utils.js-- -- --3318
8/14/2020 2:02:42 PM | * Templates/Base.css-- -- --7901
8/14/2020 2:02:42 PM | * Templates/Company Dashboard.css-- -- --449
8/14/2020 2:02:42 PM | 
8/14/2020 2:02:42 PM | 
--------------------------------Phase 1 Terminé--------------------------------
8/14/2020 2:02:42 PM | 

8/17/2020 4:07:16 AM | Debut Mise en ligne complete (Site):
8/17/2020 4:07:40 AM | Listing terminé :
8/17/2020 4:07:40 AM | 

8/17/2020 4:07:40 AM | * Files/Other-- -- --Folder create
8/17/2020 4:07:40 AM | * Files/Other/locales-- -- --Folder create
8/17/2020 4:07:40 AM | * Files/Other/locales-- -- --Folder create
8/17/2020 4:07:40 AM | * WEFiles-- -- --Folder create
8/17/2020 4:07:40 AM | * WEFiles/Xml-- -- --Folder create
8/17/2020 4:07:40 AM | * WEFiles/Server-- -- --Folder create
8/17/2020 4:07:40 AM | * WEFiles/Server/language-- -- --Folder create
8/17/2020 4:07:40 AM | * WEFiles/Server/DB-- -- --Folder create
8/17/2020 4:07:40 AM | * WEFiles/Server/DB/DBTools-- -- --Folder create
8/17/2020 4:07:40 AM | * WEFiles/Server/class-- -- --Folder create
8/17/2020 4:07:40 AM | * WEFiles/Other-- -- --Folder create
8/17/2020 4:07:40 AM | * WEFiles/Image-- -- --Folder create
8/17/2020 4:07:40 AM | * WEFiles/Font-- -- --Folder create
8/17/2020 4:07:40 AM | * WEFiles/EG-- -- --Folder create
8/17/2020 4:07:40 AM | * WEFiles/Css-- -- --Folder create
8/17/2020 4:07:40 AM | * WEFiles/Css/v02-- -- --Folder create
8/17/2020 4:07:40 AM | * WEFiles/Css/v01-- -- --Folder create
8/17/2020 4:07:40 AM | * WEFiles/Client-- -- --Folder create
8/17/2020 4:07:40 AM | * WEFiles/Client/jQuery-- -- --Folder create
8/17/2020 4:07:40 AM | * WEFiles/Client/jQuery/Plugins-- -- --Folder create
8/17/2020 4:07:40 AM | * WEFiles/Client/Common-- -- --Folder create
8/17/2020 4:07:40 AM | * Templates-- -- --Folder create
8/17/2020 4:07:40 AM | * Files-- -- --Folder create
8/17/2020 4:07:40 AM | * Files/Video-- -- --Folder create
8/17/2020 4:07:40 AM | * Files/Other-- -- --Folder create
8/17/2020 4:07:40 AM | * Files/Media-- -- --Folder create
8/17/2020 4:07:40 AM | * Files/Image-- -- --Folder create
8/17/2020 4:07:40 AM | * Files/Fonts-- -- --Folder create
8/17/2020 4:07:40 AM | * Files/Flash-- -- --Folder create
8/17/2020 4:07:40 AM | * Files/Audio-- -- --Folder create
8/17/2020 4:07:40 AM | * Data-- -- --Folder create
8/17/2020 4:07:40 AM | * Backup-- -- --Folder create
8/17/2020 4:07:40 AM | * Common-- -- --Folder create
8/17/2020 4:07:40 AM | * WEFiles/Image/WEImage-- -- --Folder create
8/17/2020 4:07:40 AM | * WEFiles/Image/Skin-- -- --Folder create
8/17/2020 4:07:40 AM | * Files\Other-- -- --Folder create
8/17/2020 4:07:40 AM | * Files\Fonts-- -- --Folder create
8/17/2020 4:07:40 AM | * Backup/.htaccess-- -- --33
8/17/2020 4:07:40 AM | * Data/.htaccess-- -- --13
8/17/2020 4:07:40 AM | * WEFiles/Client/Common/oe.min.js-- -- --16317
8/17/2020 4:07:40 AM | * WEFiles/Client/jQuery/Plugins/jquery.form.js-- -- --11659
8/17/2020 4:07:40 AM | * WEFiles/Client/jQuery/Plugins/jquery.ui.core.js-- -- --19590
8/17/2020 4:07:40 AM | * WEFiles/Client/jQuery/Plugins/jquery.ui.effects.js-- -- --25199
8/17/2020 4:07:40 AM | * WEFiles/Client/jQuery/1.10.2.js-- -- --93107
8/17/2020 4:07:40 AM | * WEFiles/Client/jQuery/migrate.js-- -- --7202
8/17/2020 4:07:40 AM | * WEFiles/Client/OEDB.js-- -- --1856
8/17/2020 4:07:40 AM | * WEFiles/Client/OEDBClasses.js-- -- --2280
8/17/2020 4:07:40 AM | * WEFiles/Client/opentip-jquery.min.js-- -- --44974
8/17/2020 4:07:40 AM | * WEFiles/Css/v01/openElement.css-- -- --5851
8/17/2020 4:07:40 AM | * WEFiles/Css/v02/openElement.css-- -- --6102
8/17/2020 4:07:40 AM | * WEFiles/Css/v02/openElement.int.css-- -- --6177
8/17/2020 4:07:40 AM | * WEFiles/Css/ie7.css-- -- --833
8/17/2020 4:07:40 AM | * WEFiles/Css/opentip.css-- -- --9211
8/17/2020 4:07:40 AM | * WEFiles/Image/Code.png-- -- --831
8/17/2020 4:07:40 AM | * WEFiles/Image/delete.png-- -- --1465
8/17/2020 4:07:40 AM | * WEFiles/Image/empty.png-- -- --184
8/17/2020 4:07:40 AM | * WEFiles/Image/information2.png-- -- --3246
8/17/2020 4:07:40 AM | * WEFiles/Image/loading.gif-- -- --1924
8/17/2020 4:07:40 AM | * WEFiles/Image/Loading2.gif-- -- --4941
8/17/2020 4:07:40 AM | * WEFiles/Image/mask.png-- -- --213
8/17/2020 4:07:40 AM | * WEFiles/Image/ModalBackgound.png-- -- --27145
8/17/2020 4:07:40 AM | * WEFiles/Image/ModalPopupBlock.png-- -- --268
8/17/2020 4:07:40 AM | * WEFiles/Image/ServerError.png-- -- --2602
8/17/2020 4:07:40 AM | * WEFiles/Image/warning.png-- -- --816
8/17/2020 4:07:40 AM | * WEFiles/Image/WEW3C.png-- -- --1882
8/17/2020 4:07:40 AM | * WEFiles/Server/class/class-phpmailer.php-- -- --65668
8/17/2020 4:07:40 AM | * WEFiles/Server/class/class-smtp.php-- -- --32456
8/17/2020 4:07:40 AM | * WEFiles/Server/DB/DBTools/OEDataContainers.php-- -- --57685
8/17/2020 4:07:40 AM | * WEFiles/Server/DB/DBTools/OEDBRequest.php-- -- --36412
8/17/2020 4:07:40 AM | * WEFiles/Server/DB/DBTools/OEDynUtils.php-- -- --15107
8/17/2020 4:07:40 AM | * WEFiles/Server/DB/.htaccess-- -- --13
8/17/2020 4:07:40 AM | * WEFiles/Server/DB/OEDB.php-- -- --28741
8/17/2020 4:07:40 AM | * WEFiles/Server/DB/OEDBClasses.php-- -- --84483
8/17/2020 4:07:40 AM | * WEFiles/Server/DB/sqllogin.php-- -- --1479
8/17/2020 4:07:40 AM | * WEFiles/Server/language/phpmailer.lang-en.php-- -- --1188
8/17/2020 4:07:40 AM | * WEFiles/Server/language/phpmailer.lang-fr.php-- -- --1297
8/17/2020 4:07:40 AM | * WEFiles/Server/openElement.php-- -- --13870
8/17/2020 4:07:40 AM | * WEFiles/Server/VarText.php-- -- --4496
8/17/2020 4:07:40 AM | * .htaccess-- -- --0
8/17/2020 4:07:40 AM | * Administrador(var).php-- -- --1745
8/17/2020 4:07:40 AM | * Administrador.css-- -- --48049
8/17/2020 4:07:40 AM | * Files/Image/logo.png-- -- --18517
8/17/2020 4:07:40 AM | * WEFiles/Image/WEImage/logo-WE19cd5b5fbc.png-- -- --7884
8/17/2020 4:07:40 AM | * Files/Image/icon_chess.png-- -- --1245
8/17/2020 4:07:40 AM | * WEFiles/Image/WEImage/icon_chess-WEab3d9c60b6.png-- -- --488
8/17/2020 4:07:40 AM | * Files/Image/icon_grupos.png-- -- --1329
8/17/2020 4:07:40 AM | * WEFiles/Image/WEImage/icon_grupos-WE13ace5284f.png-- -- --657
8/17/2020 4:07:40 AM | * Files/Image/icon_db.png-- -- --973
8/17/2020 4:07:40 AM | * WEFiles/Image/WEImage/icon_db-WEb6929871fe.png-- -- --454
8/17/2020 4:07:40 AM | * Files/Image/icon_excel.png-- -- --842
8/17/2020 4:07:40 AM | * WEFiles/Image/WEImage/icon_excel-WE8296a40925.png-- -- --538
8/17/2020 4:07:40 AM | * Files/Image/icon_on.png-- -- --966
8/17/2020 4:07:40 AM | * WEFiles/Image/WEImage/icon_on-WE123c1f5899.png-- -- --599
8/17/2020 4:07:40 AM | * Files/Image/delete_big.png-- -- --552
8/17/2020 4:07:40 AM | * WEFiles/Image/WEImage/delete_big-WEc233f5d892.png-- -- --459
8/17/2020 4:07:40 AM | * Files/Image/icon_off.png-- -- --1011
8/17/2020 4:07:40 AM | * WEFiles/Image/WEImage/icon_off-WEc9446d2cb9.png-- -- --639
8/17/2020 4:07:40 AM | * WEFiles/Image/WEImage/delete_big-WEfce8160f10.png-- -- --459
8/17/2020 4:07:40 AM | * WEFiles/Image/WEImage/icon_off-WE2f2606b187.png-- -- --639
8/17/2020 4:07:40 AM | * WEFiles/Image/WEImage/delete_big-WE198c28f5b2.png-- -- --459
8/17/2020 4:07:40 AM | * WEFiles/Image/WEImage/icon_off-WEd8f777bc18.png-- -- --639
8/17/2020 4:07:40 AM | * WEFiles/Image/WEImage/delete_big-WE58afcb3627.png-- -- --459
8/17/2020 4:07:40 AM | * WEFiles/Image/WEImage/icon_on-WE5cd2b5baed.png-- -- --599
8/17/2020 4:07:40 AM | * WEFiles/Image/WEImage/icon_off-WE78a8524a2f.png-- -- --639
8/17/2020 4:07:40 AM | * Files/Image/default_user.png-- -- --10063
8/17/2020 4:07:40 AM | * WEFiles/Image/WEImage/default_user-WE5c6dcd07de.png-- -- --1094
8/17/2020 4:07:40 AM | * Files/Image/icon_delete.png-- -- --4818
8/17/2020 4:07:40 AM | * WEFiles/Image/WEImage/icon_delete-WE4c9350319d.png-- -- --571
8/17/2020 4:07:40 AM | * Files/Image/icon_add.png-- -- --3446
8/17/2020 4:07:40 AM | * WEFiles/Image/WEImage/icon_add-WEcf8d922c3d.png-- -- --467
8/17/2020 4:07:40 AM | * WEFiles/Image/Skin/26c70838.png-- -- --191
8/17/2020 4:07:40 AM | * WEFiles/Image/Skin/58294202.png-- -- --826
8/17/2020 4:07:40 AM | * Files/Image/view_card.png-- -- --582
8/17/2020 4:07:40 AM | * WEFiles/Image/WEImage/view_card-WE3871e97495.png-- -- --435
8/17/2020 4:07:40 AM | * WEFiles/Image/Skin/2b8cf417.png-- -- --191
8/17/2020 4:07:40 AM | * WEFiles/Image/Skin/85224292.png-- -- --826
8/17/2020 4:07:40 AM | * Files/Image/icon_design.png-- -- --794
8/17/2020 4:07:40 AM | * WEFiles/Image/WEImage/icon_design-WE48856ae5ea.png-- -- --510
8/17/2020 4:07:40 AM | * WEFiles/Image/Skin/c01bce0b.png-- -- --191
8/17/2020 4:07:40 AM | * WEFiles/Image/Skin/3b9d0c7d.png-- -- --826
8/17/2020 4:07:40 AM | * WEFiles/Image/WEImage/icon_db-WEdb410ebd1d.png-- -- --581
8/17/2020 4:07:40 AM | * WEFiles/Image/WEImage/icon_chess-WE1891cf0f7c.png-- -- --1217
8/17/2020 4:07:40 AM | * Files/Image/icon_cards.png-- -- --948
8/17/2020 4:07:40 AM | * WEFiles/Image/WEImage/icon_design-WEe631ac5a73.png-- -- --543
8/17/2020 4:07:40 AM | * Files/Image/icon_down.png-- -- --743
8/17/2020 4:07:40 AM | * WEFiles/Image/WEImage/icon_down-WE91987d108b.png-- -- --442
8/17/2020 4:07:40 AM | * WEFiles/Image/Skin/4aee5dd2.png-- -- --191
8/17/2020 4:07:40 AM | * WEFiles/Image/Skin/f05956f4.png-- -- --826
8/17/2020 4:07:40 AM | * WEFiles/Image/WEImage/icon_cards-WEfa9c5e15b7.png-- -- --757
8/17/2020 4:07:40 AM | * WEFiles/Image/WEImage/icon_chess-WE699ecc8d01.png-- -- --395
8/17/2020 4:07:40 AM | * Files/Image/icon_chrono.png-- -- --1164
8/17/2020 4:07:40 AM | * WEFiles/Image/WEImage/icon_chrono-WE45e6d76403.png-- -- --437
8/17/2020 4:07:40 AM | * WEFiles/Image/WEImage/icon_chrono-WE716559bf2a.png-- -- --560
8/17/2020 4:07:40 AM | * Files/Image/icon_jug.png-- -- --828
8/17/2020 4:07:40 AM | * WEFiles/Image/WEImage/icon_jug-WEb6b1ae892d.png-- -- --352
8/17/2020 4:07:40 AM | * WEFiles/Image/WEImage/icon_cards-WE08348aee60.png-- -- --406
8/17/2020 4:07:40 AM | * WEFiles/Image/WEImage/icon_grupos-WE937056991c.png-- -- --433
8/17/2020 4:07:40 AM | * Files/Image/icon_run.png-- -- --1073
8/17/2020 4:07:40 AM | * WEFiles/Image/WEImage/icon_run-WE307abc8b0b.png-- -- --427
8/17/2020 4:07:40 AM | * Administrador.php-- -- --129124
8/17/2020 4:07:40 AM | * Canvas.css-- -- --36075
8/17/2020 4:07:40 AM | * Files/Image/canvas_bg_1.png-- -- --6223
8/17/2020 4:07:40 AM | * Files/Image/g3343.png-- -- --29028
8/17/2020 4:07:40 AM | * WEFiles/Image/WEImage/g3343-WEea96b64b3a.png-- -- --1233
8/17/2020 4:07:40 AM | * Files/Image/Canvas_bg_2.png-- -- --4889
8/17/2020 4:07:40 AM | * Files/Image/g3331.png-- -- --23439
8/17/2020 4:07:40 AM | * WEFiles/Image/WEImage/g3331-WE737a6a5bc0.png-- -- --1379
8/17/2020 4:07:40 AM | * Files/Image/Canvas_BG_06.png-- -- --6793
8/17/2020 4:07:40 AM | * Files/Image/g3335.png-- -- --20995
8/17/2020 4:07:40 AM | * WEFiles/Image/WEImage/g3335-WE68bc5b031c.png-- -- --1122
8/17/2020 4:07:40 AM | * Files/Image/Canvas_BG_03.png-- -- --4729
8/17/2020 4:07:40 AM | * Files/Image/g3327.png-- -- --29745
8/17/2020 4:07:40 AM | * WEFiles/Image/WEImage/g3327-WE64c0c51ee3.png-- -- --1368
8/17/2020 4:07:40 AM | * Files/Image/canvas_bg_10.png-- -- --6675
8/17/2020 4:07:40 AM | * Files/Image/g3323.png-- -- --15484
8/17/2020 4:07:40 AM | * WEFiles/Image/WEImage/g3323-WE5b3fc60b8f.png-- -- --1175
8/17/2020 4:07:40 AM | * Files/Image/Canvas_bg_07.png-- -- --3483
8/17/2020 4:07:40 AM | * Files/Image/g3319.png-- -- --27177
8/17/2020 4:07:40 AM | * WEFiles/Image/WEImage/g3319-WEd7bc7354d0.png-- -- --1244
8/17/2020 4:07:40 AM | * Files/Image/Canvas_BG_05.png-- -- --3908
8/17/2020 4:07:40 AM | * Files/Image/g3315.png-- -- --12686
8/17/2020 4:07:40 AM | * WEFiles/Image/WEImage/g3315-WE994f84a011.png-- -- --1009
8/17/2020 4:07:40 AM | * Files/Image/Canvas_bg_08.png-- -- --7939
8/17/2020 4:07:40 AM | * Files/Image/g3339.png-- -- --25480
8/17/2020 4:07:40 AM | * WEFiles/Image/WEImage/g3339-WEc7f49bfae9.png-- -- --1194
8/17/2020 4:07:40 AM | * Files/Image/Canvas_bg_09.png-- -- --6023
8/17/2020 4:07:40 AM | * Files/Image/g3311.png-- -- --21455
8/17/2020 4:07:40 AM | * WEFiles/Image/WEImage/g3311-WE59cb64135a.png-- -- --1242
8/17/2020 4:07:40 AM | * Files/Image/ok.png-- -- --1712
8/17/2020 4:07:40 AM | * WEFiles/Image/WEImage/ok-WEf6bb48251b.png-- -- --1344
8/17/2020 4:07:40 AM | * Files/Image/error.png-- -- --2555
8/17/2020 4:07:40 AM | * WEFiles/Image/WEImage/error-WE9191b3224e.png-- -- --2456
8/17/2020 4:07:40 AM | * WEFiles/Image/WEImage/ok-WE76d67b8270.png-- -- --1301
8/17/2020 4:07:40 AM | * Files/Image/Canvas_3.png-- -- --84851
8/17/2020 4:07:40 AM | * WEFiles/Image/WEImage/Canvas_3-WE48b96decd9.png-- -- --5600
8/17/2020 4:07:40 AM | * Files/Image/Canvas_2.png-- -- --48626
8/17/2020 4:07:40 AM | * WEFiles/Image/WEImage/Canvas_2-WE7d19164fdd.png-- -- --4816
8/17/2020 4:07:40 AM | * Files/Image/Canvas_1.png-- -- --47063
8/17/2020 4:07:40 AM | * WEFiles/Image/WEImage/Canvas_1-WE4c10e085ef.png-- -- --4664
8/17/2020 4:07:40 AM | * Files/Image/Canvas_4.png-- -- --73452
8/17/2020 4:07:40 AM | * Files/Image/Canvas_float_1.png-- -- --2332
8/17/2020 4:07:40 AM | * WEFiles/Image/WEImage/Canvas_float_1-WE5a271d2e37.png-- -- --1334
8/17/2020 4:07:40 AM | * Files/Image/canvas_float_2.png-- -- --2654
8/17/2020 4:07:40 AM | * WEFiles/Image/WEImage/canvas_float_2-WEdf47c4c80a.png-- -- --1461
8/17/2020 4:07:40 AM | * Files/Image/canvas_float_3.png-- -- --2320
8/17/2020 4:07:40 AM | * WEFiles/Image/WEImage/canvas_float_3-WEe22cc1456f.png-- -- --1310
8/17/2020 4:07:40 AM | * Files/Image/canvas_float_4.png-- -- --2281
8/17/2020 4:07:40 AM | * WEFiles/Image/WEImage/canvas_float_4-WE6542bfea74.png-- -- --1245
8/17/2020 4:07:40 AM | * Files/Image/company.png-- -- --12577
8/17/2020 4:07:40 AM | * WEFiles/Image/WEImage/company-WE9f20acf474.png-- -- --2132
8/17/2020 4:07:40 AM | * Files/Image/cambas.png-- -- --12525
8/17/2020 4:07:40 AM | * WEFiles/Image/WEImage/cambas-WE3ad8c0d37a.png-- -- --2592
8/17/2020 4:07:40 AM | * Files/Image/path4634.png-- -- --8562
8/17/2020 4:07:40 AM | * WEFiles/Image/WEImage/path4634-WE9917ebf0d3.png-- -- --2052
8/17/2020 4:07:40 AM | * WEFiles/Image/WEImage/logo-WE71cb131790.png-- -- --8346
8/17/2020 4:07:40 AM | * Files/Image/UserDefault.png-- -- --23789
8/17/2020 4:07:40 AM | * WEFiles/Image/WEImage/UserDefault-WE4a65a86bf9.png-- -- --3681
8/17/2020 4:07:40 AM | * WEFiles/Image/WEImage/error-WEbbbe76e4b3.png-- -- --2083
8/17/2020 4:07:40 AM | * Canvas.php-- -- --116832
8/17/2020 4:07:40 AM | * cardeditor(var).php-- -- --4281
8/17/2020 4:07:40 AM | * cardeditor.css-- -- --34574
8/17/2020 4:07:40 AM | * WEFiles/Image/WEImage/icon_delete-WE2abbafa4c9.png-- -- --1490
8/17/2020 4:07:40 AM | * WEFiles/Image/WEImage/icon_cards-WE47c3689b00.png-- -- --557
8/17/2020 4:07:40 AM | * cardeditor.php-- -- --95898
8/17/2020 4:07:40 AM | * conex.php-- -- --706
8/17/2020 4:07:40 AM | * Copy-index.css-- -- --6592
8/17/2020 4:07:40 AM | * Copy-index.htm-- -- --9397
8/17/2020 4:07:40 AM | * Dashboard.css-- -- --48186
8/17/2020 4:07:40 AM | * Files/Image/Flecha1.png-- -- --570
8/17/2020 4:07:40 AM | * Dashboard.htm-- -- --187441
8/17/2020 4:07:40 AM | * index.css-- -- --2137
8/17/2020 4:07:40 AM | * WEFiles/Image/WEImage/logo-WE5336405c63.png-- -- --12837
8/17/2020 4:07:40 AM | * Files/Image/EstudiosNyX.png-- -- --9149
8/17/2020 4:07:40 AM | * WEFiles/Image/WEImage/EstudiosNyX-WE37bbfc76f8.png-- -- --3141
8/17/2020 4:07:40 AM | * index.htm-- -- --3174
8/17/2020 4:07:40 AM | * loggin(var).php-- -- --166
8/17/2020 4:07:40 AM | * loggin.css-- -- --4605
8/17/2020 4:07:40 AM | * Files/Image/roadmap_Loggin.png-- -- --458419
8/17/2020 4:07:40 AM | * WEFiles/Image/WEImage/logo-WE9517b0e2cf.png-- -- --12837
8/17/2020 4:07:40 AM | * WEFiles/Image/WEImage/default_user-WE6ba5a1362d.png-- -- --1604
8/17/2020 4:07:40 AM | * loggin.php-- -- --9406
8/17/2020 4:07:40 AM | * partida.css-- -- --7064
8/17/2020 4:07:40 AM | * Files/Image/PartidaRotat.png-- -- --307745
8/17/2020 4:07:40 AM | * partida.htm-- -- --27282
8/17/2020 4:07:40 AM | * robots.txt-- -- --19
8/17/2020 4:07:40 AM | * sitemap.xml-- -- --1378
8/17/2020 4:07:40 AM | * Files/Other/locales/es-es-min.js-- -- --447
8/17/2020 4:07:40 AM | * Files/Other/locales/es-min.js-- -- --442
8/17/2020 4:07:40 AM | * Files/Other/Chart-min.css-- -- --521
8/17/2020 4:07:40 AM | * Files/Other/Chart-min.js-- -- --172819
8/17/2020 4:07:40 AM | * Files/Other/highlight-min.js-- -- --46005
8/17/2020 4:07:40 AM | * Files/Other/katex-min.css-- -- --21339
8/17/2020 4:07:40 AM | * Files/Other/katex-min.js-- -- --126580
8/17/2020 4:07:40 AM | * Files/Other/locales-min.js-- -- --8293
8/17/2020 4:07:40 AM | * Files/Other/monokai-sublime-min.css-- -- --781
8/17/2020 4:07:40 AM | * Files/Other/numeral-min.js-- -- --11451
8/17/2020 4:07:40 AM | * Files/Other/quill-core.css-- -- --9417
8/17/2020 4:07:40 AM | * Files/Other/quill-min.js-- -- --215355
8/17/2020 4:07:40 AM | * Files/Other/quill-snow.css-- -- --25688
8/17/2020 4:07:40 AM | * Files/Other/quill.min.js.map-- -- --1019070
8/17/2020 4:07:40 AM | * Files/Other/utils.js-- -- --3465
8/17/2020 4:07:40 AM | * Templates/Base.css-- -- --7901
8/17/2020 4:07:40 AM | * Templates/Company Dashboard.css-- -- --449
8/17/2020 4:07:44 AM | 
8/17/2020 4:07:44 AM | 
--------------------------------Phase 1 Terminé--------------------------------
8/17/2020 4:07:44 AM | 

